<?xml version="1.0" encoding="UTF-8"?>
<!-- Generated by org.testng.reporters.JUnitReportReporter -->
<testsuite hostname="ISBLT-9310" failures="0" tests="3" name="com.apdr.testcases.Guidedownload" time="64.055" errors="0" timestamp="2023-07-24T21:21:40 PKT" skipped="0">
  <testcase classname="com.apdr.testcases.Guidedownload" name="Click_On_Reference_Button" time="21.340"/>
  <system-out/>
  <testcase classname="com.apdr.testcases.Guidedownload" name="Click_On_Reference_Button" time="21.394"/>
  <system-out/>
  <testcase classname="com.apdr.testcases.Guidedownload" name="Click_On_Reference_Button" time="21.321"/>
  <system-out/>
</testsuite> <!-- com.apdr.testcases.Guidedownload -->
