<?xml version="1.0" encoding="UTF-8"?>
<!-- Generated by org.testng.reporters.JUnitReportReporter -->
<testsuite hostname="ISBLT-9310" failures="0" tests="6" name="com.apdr.testcases.AddVideoContent" time="44.679" errors="0" timestamp="2023-05-31T18:10:34 PKT" skipped="0">
  <testcase classname="com.apdr.testcases.AddVideoContent" name="hover_Over_Content_Button" time="1.363"/>
  <system-out/>
  <testcase classname="com.apdr.testcases.AddVideoContent" name="addVideoContent" time="3.207"/>
  <system-out/>
  <testcase classname="com.apdr.testcases.AddVideoContent" name="add_Slug_Headline_Source_For_Video" time="0.253"/>
  <system-out/>
  <testcase classname="com.apdr.testcases.AddVideoContent" name="addVideoFile" time="15.299"/>
  <system-out/>
  <testcase classname="com.apdr.testcases.AddVideoContent" name="add_Body_For_Video" time="10.135"/>
  <system-out/>
  <testcase classname="com.apdr.testcases.AddVideoContent" name="clickOnSaveButton" time="14.422"/>
  <system-out/>
</testsuite> <!-- com.apdr.testcases.AddVideoContent -->
