<?xml version="1.0" encoding="UTF-8"?>
<!-- Generated by org.testng.reporters.JUnitReportReporter -->
<testsuite hostname="ISBLT-9310" failures="0" tests="1" name="com.apdr.testcases.LogInTestCases" time="8.438" errors="0" timestamp="2023-07-13T16:10:28 PKT" skipped="0">
  <testcase classname="com.apdr.testcases.LogInTestCases" name="loginToApDr" time="8.438"/>
  <system-out/>
</testsuite> <!-- com.apdr.testcases.LogInTestCases -->
