<?xml version="1.0" encoding="UTF-8"?>
<!-- Generated by org.testng.reporters.JUnitReportReporter -->
<testsuite hostname="ISBLT-9310" failures="0" tests="1" name="com.apdr.testcases.LogInTestCases" time="22.541" errors="0" timestamp="2023-05-26T16:40:10 PKT" skipped="0">
  <testcase classname="com.apdr.testcases.LogInTestCases" name="loginToApDr" time="22.541"/>
  <system-out/>
</testsuite> <!-- com.apdr.testcases.LogInTestCases -->
