<?xml version="1.0" encoding="UTF-8"?>
<!-- Generated by org.testng.reporters.JUnitReportReporter -->
<testsuite hostname="ISBLT-9310" failures="0" tests="1" name="com.apdr.testcases.Guidedownload" time="11.436" errors="0" timestamp="2023-06-21T20:45:04 PKT" skipped="0">
  <testcase classname="com.apdr.testcases.Guidedownload" name="Click_On_Reference_Button" time="11.436"/>
  <system-out/>
</testsuite> <!-- com.apdr.testcases.Guidedownload -->
