<?xml version="1.0" encoding="UTF-8"?>
<!-- Generated by org.testng.reporters.JUnitReportReporter -->
<testsuite hostname="ISBLT-9310" failures="0" tests="3" name="com.apdr.testcases.Adduploadcsvcontent" time="8.778" errors="0" timestamp="2023-05-26T19:42:25 PKT" skipped="0">
  <testcase classname="com.apdr.testcases.Adduploadcsvcontent" name="hover_Over_Content_Button" time="1.774"/>
  <system-out/>
  <testcase classname="com.apdr.testcases.Adduploadcsvcontent" name="addFiletest" time="3.756"/>
  <system-out/>
  <testcase classname="com.apdr.testcases.Adduploadcsvcontent" name="clickOnSaveButton" time="3.248"/>
  <system-out/>
</testsuite> <!-- com.apdr.testcases.Adduploadcsvcontent -->
