<?xml version="1.0" encoding="UTF-8"?>
<!-- Generated by org.testng.reporters.JUnitReportReporter -->
<testsuite hostname="ISBLT-9310" failures="0" tests="7" name="com.apdr.testcases.DeleteAudioContent" time="10.105" errors="0" timestamp="2023-06-07T17:39:02 PKT" skipped="0">
  <testcase classname="com.apdr.testcases.DeleteAudioContent" name="hover_Over_Content_Button" time="1.240"/>
  <system-out/>
  <testcase classname="com.apdr.testcases.DeleteAudioContent" name="Enter_Title_For_Delete_NewStory_Content" time="0.119"/>
  <system-out/>
  <testcase classname="com.apdr.testcases.DeleteAudioContent" name="Select_Value_From_Content_Type" time="0.253"/>
  <system-out/>
  <testcase classname="com.apdr.testcases.DeleteAudioContent" name="Filter_Selection" time="3.626"/>
  <system-out/>
  <testcase classname="com.apdr.testcases.DeleteAudioContent" name="View_Selection" time="1.586"/>
  <system-out/>
  <testcase classname="com.apdr.testcases.DeleteAudioContent" name="Delete_Selection" time="1.739"/>
  <system-out/>
  <testcase classname="com.apdr.testcases.DeleteAudioContent" name="Banner_Deleted_Successfully" time="1.542"/>
  <system-out/>
</testsuite> <!-- com.apdr.testcases.DeleteAudioContent -->
