<?xml version="1.0" encoding="UTF-8"?>
<!-- Generated by org.testng.reporters.JUnitReportReporter -->
<testsuite hostname="ISBLT-9310" failures="0" tests="7" name="com.apdr.testcases.AddUser" time="4.948" errors="0" timestamp="2023-06-09T18:03:08 PKT" skipped="0">
  <testcase classname="com.apdr.testcases.AddUser" name="hover_Over_AddUser_Link" time="1.514"/>
  <system-out/>
  <testcase classname="com.apdr.testcases.AddUser" name="add_Role_For_Users" time="0.066"/>
  <system-out/>
  <testcase classname="com.apdr.testcases.AddUser" name="add_Pass_And_Confirm_Password" time="0.093"/>
  <system-out/>
  <testcase classname="com.apdr.testcases.AddUser" name="add_Org_Name_And_Org_Id" time="0.088"/>
  <system-out/>
  <testcase classname="com.apdr.testcases.AddUser" name="add_User_MDMID" time="0.038"/>
  <system-out/>
  <testcase classname="com.apdr.testcases.AddUser" name="add_User_Informtion" time="0.158"/>
  <system-out/>
  <testcase classname="com.apdr.testcases.AddUser" name="click_On_Create_New_Account_Button" time="2.991"/>
  <system-out/>
</testsuite> <!-- com.apdr.testcases.AddUser -->
