<?xml version="1.0" encoding="UTF-8"?>
<!-- Generated by org.testng.reporters.JUnitReportReporter -->
<testsuite hostname="ISBLT-9310" failures="0" tests="7" name="com.apdr.testcases.AddAdminUser" time="17.159" errors="0" timestamp="2023-07-24T21:21:40 PKT" skipped="0">
  <testcase classname="com.apdr.testcases.AddAdminUser" name="hover_Over_AddUser_Link" time="2.186"/>
  <system-out/>
  <testcase classname="com.apdr.testcases.AddAdminUser" name="add_Role_For_Users" time="0.399"/>
  <system-out/>
  <testcase classname="com.apdr.testcases.AddAdminUser" name="select_Users_role" time="7.246"/>
  <system-out/>
  <testcase classname="com.apdr.testcases.AddAdminUser" name="add_Org_Name_And_Org_Id" time="0.253"/>
  <system-out/>
  <testcase classname="com.apdr.testcases.AddAdminUser" name="add_User_MDMID" time="0.138"/>
  <system-out/>
  <testcase classname="com.apdr.testcases.AddAdminUser" name="add_User_Informtion" time="0.368"/>
  <system-out/>
  <testcase classname="com.apdr.testcases.AddAdminUser" name="click_On_Create_New_Account_Button" time="6.569"/>
  <system-out/>
</testsuite> <!-- com.apdr.testcases.AddAdminUser -->
