<?xml version="1.0" encoding="UTF-8"?>
<!-- Generated by org.testng.reporters.JUnitReportReporter -->
<testsuite hostname="ISBLT-9310" failures="0" tests="1" name="com.apdr.testcases.AuthorLogin" time="11.929" errors="0" timestamp="2023-06-15T15:53:40 PKT" skipped="0">
  <testcase classname="com.apdr.testcases.AuthorLogin" name="loginToApDr" time="11.929"/>
  <system-out/>
</testsuite> <!-- com.apdr.testcases.AuthorLogin -->
