<?xml version="1.0" encoding="UTF-8"?>
<!-- Generated by org.testng.reporters.JUnitReportReporter -->
<testsuite hostname="ISBLT-9310" failures="0" tests="6" name="com.apdr.testcases.AddVideoContent" time="39.702" errors="0" timestamp="2023-06-01T17:30:42 PKT" skipped="0">
  <testcase classname="com.apdr.testcases.AddVideoContent" name="hover_Over_Content_Button" time="1.561"/>
  <system-out/>
  <testcase classname="com.apdr.testcases.AddVideoContent" name="addVideoContent" time="3.691"/>
  <system-out/>
  <testcase classname="com.apdr.testcases.AddVideoContent" name="add_Slug_Headline_Source_For_Video" time="0.292"/>
  <system-out/>
  <testcase classname="com.apdr.testcases.AddVideoContent" name="addVideoFile" time="15.342"/>
  <system-out/>
  <testcase classname="com.apdr.testcases.AddVideoContent" name="add_Body_For_Video" time="10.143"/>
  <system-out/>
  <testcase classname="com.apdr.testcases.AddVideoContent" name="clickOnSaveButton" time="8.673"/>
  <system-out/>
</testsuite> <!-- com.apdr.testcases.AddVideoContent -->
