<?xml version="1.0" encoding="UTF-8"?>
<!-- Generated by org.testng.reporters.JUnitReportReporter -->
<testsuite hostname="ISBLT-9310" failures="0" tests="5" name="com.apdr.testcases.AddAudioContent" time="11.005" errors="0" timestamp="2023-05-30T20:16:37 PKT" skipped="0">
  <testcase classname="com.apdr.testcases.AddAudioContent" name="hover_Over_Content_Button" time="1.278"/>
  <system-out/>
  <testcase classname="com.apdr.testcases.AddAudioContent" name="addVideoContent" time="2.613"/>
  <system-out/>
  <testcase classname="com.apdr.testcases.AddAudioContent" name="add_Slug_Speaker_Intro_For_Audio" time="0.318"/>
  <system-out/>
  <testcase classname="com.apdr.testcases.AddAudioContent" name="addVideoFile" time="3.813"/>
  <system-out/>
  <testcase classname="com.apdr.testcases.AddAudioContent" name="clickOnSaveButton" time="2.983"/>
  <system-out/>
</testsuite> <!-- com.apdr.testcases.AddAudioContent -->
