<?xml version="1.0" encoding="UTF-8"?>
<!-- Generated by org.testng.reporters.JUnitReportReporter -->
<testsuite hostname="ISBLT-9310" failures="0" tests="16" name="com.apdr.testcases.AddVideoContent" time="49.418" errors="0" timestamp="2023-07-13T13:58:46 PKT" skipped="0">
  <testcase classname="com.apdr.testcases.AddVideoContent" name="hover_Over_Content_Button" time="0.987"/>
  <system-out/>
  <testcase classname="com.apdr.testcases.AddVideoContent" name="hover_Over_Content_Button" time="0.803"/>
  <system-out/>
  <testcase classname="com.apdr.testcases.AddVideoContent" name="addVideoContent" time="1.413"/>
  <system-out/>
  <testcase classname="com.apdr.testcases.AddVideoContent" name="addVideoContent" time="1.261"/>
  <system-out/>
  <testcase classname="com.apdr.testcases.AddVideoContent" name="add_Slug_Headline_Source_For_Video" time="0.172"/>
  <system-out/>
  <testcase classname="com.apdr.testcases.AddVideoContent" name="add_Slug_Headline_Source_For_Video" time="0.197"/>
  <system-out/>
  <testcase classname="com.apdr.testcases.AddVideoContent" name="addVideoFile" time="5.039"/>
  <system-out/>
  <testcase classname="com.apdr.testcases.AddVideoContent" name="addVideoFile" time="5.042"/>
  <system-out/>
  <testcase classname="com.apdr.testcases.AddVideoContent" name="add_Body_For_Video" time="10.136"/>
  <system-out/>
  <testcase classname="com.apdr.testcases.AddVideoContent" name="add_Body_For_Video" time="10.110"/>
  <system-out/>
  <testcase classname="com.apdr.testcases.AddVideoContent" name="clickOnSaveButton" time="7.079"/>
  <system-out/>
  <testcase classname="com.apdr.testcases.AddVideoContent" name="clickOnSaveButton" time="7.042"/>
  <system-out/>
  <testcase classname="com.apdr.testcases.AddVideoContent" name="Video_File_Verification" time="0.027"/>
  <system-out/>
  <testcase classname="com.apdr.testcases.AddVideoContent" name="Video_File_Verification" time="0.028"/>
  <system-out/>
  <testcase classname="com.apdr.testcases.AddVideoContent" name="Verify_Title" time="0.033"/>
  <system-out/>
  <testcase classname="com.apdr.testcases.AddVideoContent" name="Verify_Title" time="0.049"/>
  <system-out/>
</testsuite> <!-- com.apdr.testcases.AddVideoContent -->
