<?xml version="1.0" encoding="UTF-8"?>
<!-- Generated by org.testng.reporters.JUnitReportReporter -->
<testsuite hostname="ISBLT-9310" failures="0" tests="1" name="com.apdr.testcases.LogInTestCases" time="13.196" errors="0" timestamp="2023-05-24T18:29:58 PKT" skipped="0">
  <testcase classname="com.apdr.testcases.LogInTestCases" name="loginToApDr" time="13.196"/>
  <system-out/>
</testsuite> <!-- com.apdr.testcases.LogInTestCases -->
