<?xml version="1.0" encoding="UTF-8"?>
<!-- Generated by org.testng.reporters.JUnitReportReporter -->
<testsuite hostname="ISBLT-9310" failures="0" tests="4" name="com.apdr.testcases.BannerContent" time="8.631" errors="0" timestamp="2023-05-25T15:23:24 PKT" skipped="0">
  <testcase classname="com.apdr.testcases.BannerContent" name="hover_Over_Content_Button" time="2.806"/>
  <system-out/>
  <testcase classname="com.apdr.testcases.BannerContent" name="Banner_Link" time="2.936"/>
  <system-out/>
  <testcase classname="com.apdr.testcases.BannerContent" name="Banner_Title_Text" time="0.099"/>
  <system-out/>
  <testcase classname="com.apdr.testcases.BannerContent" name="clickOnSaveButton" time="2.790"/>
  <system-out/>
</testsuite> <!-- com.apdr.testcases.BannerContent -->
