<?xml version="1.0" encoding="UTF-8"?>
<!-- Generated by org.testng.reporters.JUnitReportReporter -->
<testsuite hostname="ISBLT-9310" failures="0" tests="7" name="com.apdr.testcases.InitialPasswordUser" time="95.180" errors="0" timestamp="2023-07-05T20:02:26 PKT" skipped="0">
  <testcase classname="com.apdr.testcases.InitialPasswordUser" name="OpenNewMailbox" time="12.517"/>
  <system-out/>
  <testcase classname="com.apdr.testcases.InitialPasswordUser" name="Enter_Email_Address" time="54.372"/>
  <system-out/>
  <testcase classname="com.apdr.testcases.InitialPasswordUser" name="Submit_Button" time="8.091"/>
  <system-out/>
  <testcase classname="com.apdr.testcases.InitialPasswordUser" name="OpenMailbox" time="11.257"/>
  <system-out/>
  <testcase classname="com.apdr.testcases.InitialPasswordUser" name="NewPass" time="0.120"/>
  <system-out/>
  <testcase classname="com.apdr.testcases.InitialPasswordUser" name="Confirm_Pass" time="2.096"/>
  <system-out/>
  <testcase classname="com.apdr.testcases.InitialPasswordUser" name="ResetSUbmit" time="6.727"/>
  <system-out/>
</testsuite> <!-- com.apdr.testcases.InitialPasswordUser -->
