<?xml version="1.0" encoding="UTF-8"?>
<!-- Generated by org.testng.reporters.JUnitReportReporter -->
<testsuite hostname="ISBLT-9310" failures="0" tests="5" name="com.apdr.testcases.UpdatedAudioContent" time="23.810" errors="0" timestamp="2023-07-24T19:12:34 PKT" skipped="1">
  <testcase classname="com.apdr.testcases.UpdatedAudioContent" name="Edit_Btn_Clicked" time="4.611"/>
  <system-out/>
  <testcase classname="com.apdr.testcases.UpdatedAudioContent" name="add_Slug_Speaker_Intro_For_Audio" time="0.826"/>
  <system-out/>
  <testcase classname="com.apdr.testcases.UpdatedAudioContent" name="Upload_Audio_File" time="16.541"/>
  <system-out/>
  <testcase classname="com.apdr.testcases.UpdatedAudioContent" name="click_On_SaveButton" time="1.832"/>
  <system-out/>
  <testcase classname="com.apdr.testcases.UpdatedAudioContent" name="Audio_File_Verification">
    <skipped/>
  </testcase> <!-- Audio_File_Verification -->
  <system-out/>
</testsuite> <!-- com.apdr.testcases.UpdatedAudioContent -->
