<?xml version="1.0" encoding="UTF-8"?>
<!-- Generated by org.testng.reporters.JUnitReportReporter -->
<testsuite hostname="ISBLT-9310" failures="0" tests="3" name="com.apdr.testcases.Guidedownload" time="34.993" errors="0" timestamp="2023-07-13T16:10:28 PKT" skipped="0">
  <testcase classname="com.apdr.testcases.Guidedownload" name="Click_On_Reference_Button" time="11.210"/>
  <system-out/>
  <testcase classname="com.apdr.testcases.Guidedownload" name="Click_On_Reference_Button" time="12.526"/>
  <system-out/>
  <testcase classname="com.apdr.testcases.Guidedownload" name="Click_On_Reference_Button" time="11.257"/>
  <system-out/>
</testsuite> <!-- com.apdr.testcases.Guidedownload -->
