<?xml version="1.0" encoding="UTF-8"?>
<!-- Generated by org.testng.reporters.JUnitReportReporter -->
<testsuite hostname="ISBLT-9310" failures="0" tests="4" name="com.apdr.testcases.AddAuthor" time="15.423" errors="0" timestamp="2023-07-24T21:21:40 PKT" skipped="0">
  <testcase classname="com.apdr.testcases.AddAuthor" name="hover_Over_AddUser_Link" time="1.146"/>
  <system-out/>
  <testcase classname="com.apdr.testcases.AddAuthor" name="add_Role_For_Users" time="0.345"/>
  <system-out/>
  <testcase classname="com.apdr.testcases.AddAuthor" name="select_Users_role" time="7.233"/>
  <system-out/>
  <testcase classname="com.apdr.testcases.AddAuthor" name="add_Org_Name_And_Org_Id" time="6.699"/>
  <system-out/>
</testsuite> <!-- com.apdr.testcases.AddAuthor -->
