<?xml version="1.0" encoding="UTF-8"?>
<!-- Generated by org.testng.reporters.JUnitReportReporter -->
<testsuite hostname="ISBLT-9310" failures="0" tests="11" name="com.apdr.testcases.AddNewsStoryContent" time="7.494" errors="0" timestamp="2023-05-22T19:24:01 PKT" skipped="0">
  <testcase classname="com.apdr.testcases.AddNewsStoryContent" name="hover_Over_Content_Button" time="1.341"/>
  <system-out/>
  <testcase classname="com.apdr.testcases.AddNewsStoryContent" name="clickOnNewsStoryLink" time="2.324"/>
  <system-out/>
  <testcase classname="com.apdr.testcases.AddNewsStoryContent" name="addSlugForNewStory" time="0.131"/>
  <system-out/>
  <testcase classname="com.apdr.testcases.AddNewsStoryContent" name="addheadLineForNewStory" time="0.139"/>
  <system-out/>
  <testcase classname="com.apdr.testcases.AddNewsStoryContent" name="addsummaryForNewStory" time="0.094"/>
  <system-out/>
  <testcase classname="com.apdr.testcases.AddNewsStoryContent" name="addbodyForNewStory" time="0.118"/>
  <system-out/>
  <testcase classname="com.apdr.testcases.AddNewsStoryContent" name="adddateLineForNewStory" time="0.151"/>
  <system-out/>
  <testcase classname="com.apdr.testcases.AddNewsStoryContent" name="addByLineAndByTitleForNewStory" time="0.230"/>
  <system-out/>
  <testcase classname="com.apdr.testcases.AddNewsStoryContent" name="selectNewsStoryCategory" time="0.151"/>
  <system-out/>
  <testcase classname="com.apdr.testcases.AddNewsStoryContent" name="addEdsNoteForNewStory" time="0.047"/>
  <system-out/>
  <testcase classname="com.apdr.testcases.AddNewsStoryContent" name="clickOnSaveButton" time="2.768"/>
  <system-out/>
</testsuite> <!-- com.apdr.testcases.AddNewsStoryContent -->
