<?xml version="1.0" encoding="UTF-8"?>
<!-- Generated by org.testng.reporters.JUnitReportReporter -->
<testsuite hostname="ISBLT-9310" failures="0" tests="4" name="com.apdr.testcases.BannerContent" time="5.422" errors="0" timestamp="2023-05-24T18:29:58 PKT" skipped="0">
  <testcase classname="com.apdr.testcases.BannerContent" name="hover_Over_Content_Button" time="1.311"/>
  <system-out/>
  <testcase classname="com.apdr.testcases.BannerContent" name="Banner_Link" time="1.295"/>
  <system-out/>
  <testcase classname="com.apdr.testcases.BannerContent" name="Banner_Title_Text" time="0.292"/>
  <system-out/>
  <testcase classname="com.apdr.testcases.BannerContent" name="clickOnSaveButton" time="2.524"/>
  <system-out/>
</testsuite> <!-- com.apdr.testcases.BannerContent -->
