<?xml version="1.0" encoding="UTF-8"?>
<!-- Generated by org.testng.reporters.JUnitReportReporter -->
<testsuite hostname="ISBLT-9310" failures="0" tests="8" name="com.apdr.testcases.AddPhotoContent" time="25.830" errors="0" timestamp="2023-07-13T13:58:46 PKT" skipped="0">
  <testcase classname="com.apdr.testcases.AddPhotoContent" name="hover_Over_Content_Button" time="1.800"/>
  <system-out/>
  <testcase classname="com.apdr.testcases.AddPhotoContent" name="hover_Over_Content_Button" time="1.540"/>
  <system-out/>
  <testcase classname="com.apdr.testcases.AddPhotoContent" name="Upload_Photo" time="6.947"/>
  <system-out/>
  <testcase classname="com.apdr.testcases.AddPhotoContent" name="Upload_Photo" time="7.591"/>
  <system-out/>
  <testcase classname="com.apdr.testcases.AddPhotoContent" name="click_On_SaveButton" time="3.908"/>
  <system-out/>
  <testcase classname="com.apdr.testcases.AddPhotoContent" name="click_On_SaveButton" time="3.983"/>
  <system-out/>
  <testcase classname="com.apdr.testcases.AddPhotoContent" name="Photo_Verification" time="0.032"/>
  <system-out/>
  <testcase classname="com.apdr.testcases.AddPhotoContent" name="Photo_Verification" time="0.029"/>
  <system-out/>
</testsuite> <!-- com.apdr.testcases.AddPhotoContent -->
