<?xml version="1.0" encoding="UTF-8"?>
<!-- Generated by org.testng.reporters.JUnitReportReporter -->
<testsuite hostname="ISBLT-9310" failures="0" tests="5" name="com.apdr.testcases.AddAudioContent" time="35.557" errors="0" timestamp="2023-05-22T19:24:01 PKT" skipped="0">
  <testcase classname="com.apdr.testcases.AddAudioContent" name="hover_Over_Content_Button" time="20.195"/>
  <system-out/>
  <testcase classname="com.apdr.testcases.AddAudioContent" name="addVideoContent" time="1.267"/>
  <system-out/>
  <testcase classname="com.apdr.testcases.AddAudioContent" name="add_Slug_Speaker_Intro_For_Audio" time="0.339"/>
  <system-out/>
  <testcase classname="com.apdr.testcases.AddAudioContent" name="addVideoFile" time="3.722"/>
  <system-out/>
  <testcase classname="com.apdr.testcases.AddAudioContent" name="clickOnSaveButton" time="10.034"/>
  <system-out/>
</testsuite> <!-- com.apdr.testcases.AddAudioContent -->
