<?xml version="1.0" encoding="UTF-8"?>
<!-- Generated by org.testng.reporters.JUnitReportReporter -->
<testsuite hostname="ISBLT-9310" failures="0" tests="1" name="com.apdr.testcases.AuthorLogin" time="16.270" errors="0" timestamp="2023-07-13T13:58:46 PKT" skipped="0">
  <testcase classname="com.apdr.testcases.AuthorLogin" name="loginToApDr" time="16.270"/>
  <system-out/>
</testsuite> <!-- com.apdr.testcases.AuthorLogin -->
