<?xml version="1.0" encoding="UTF-8"?>
<!-- Generated by org.testng.reporters.JUnitReportReporter -->
<testsuite hostname="ISBLT-9310" failures="0" tests="3" name="com.apdr.testcases.AddPhotoContent" time="13.146" errors="0" timestamp="2023-07-03T14:45:31 PKT" skipped="0">
  <testcase classname="com.apdr.testcases.AddPhotoContent" name="hover_Over_Content_Button" time="1.193"/>
  <system-out/>
  <testcase classname="com.apdr.testcases.AddPhotoContent" name="addPhotoContent" time="7.729"/>
  <system-out/>
  <testcase classname="com.apdr.testcases.AddPhotoContent" name="click_On_SaveButton" time="4.224"/>
  <system-out/>
</testsuite> <!-- com.apdr.testcases.AddPhotoContent -->
