<?xml version="1.0" encoding="UTF-8"?>
<!-- Generated by org.testng.reporters.JUnitReportReporter -->
<testsuite hostname="ISBLT-9310" failures="0" tests="7" name="com.apdr.testcases.DeleteNewStoryContent" time="9.501" errors="0" timestamp="2023-06-07T17:39:02 PKT" skipped="0">
  <testcase classname="com.apdr.testcases.DeleteNewStoryContent" name="hover_Over_Content_Button" time="1.626"/>
  <system-out/>
  <testcase classname="com.apdr.testcases.DeleteNewStoryContent" name="Enter_Title_For_Delete_NewStory_Content" time="0.097"/>
  <system-out/>
  <testcase classname="com.apdr.testcases.DeleteNewStoryContent" name="Select_Value_From_Content_Type" time="0.170"/>
  <system-out/>
  <testcase classname="com.apdr.testcases.DeleteNewStoryContent" name="Filter_Selection" time="3.586"/>
  <system-out/>
  <testcase classname="com.apdr.testcases.DeleteNewStoryContent" name="View_Selection" time="1.276"/>
  <system-out/>
  <testcase classname="com.apdr.testcases.DeleteNewStoryContent" name="Delete_Selection" time="1.040"/>
  <system-out/>
  <testcase classname="com.apdr.testcases.DeleteNewStoryContent" name="Banner_Deleted_Successfully" time="1.706"/>
  <system-out/>
</testsuite> <!-- com.apdr.testcases.DeleteNewStoryContent -->
