<?xml version="1.0" encoding="UTF-8"?>
<!-- Generated by org.testng.reporters.JUnitReportReporter -->
<testsuite hostname="ISBLT-9310" failures="0" tests="3" name="com.apdr.testcases.AddPhotoContent" time="7.160" errors="0" timestamp="2023-06-09T18:03:08 PKT" skipped="0">
  <testcase classname="com.apdr.testcases.AddPhotoContent" name="hover_Over_Content_Button" time="1.186"/>
  <system-out/>
  <testcase classname="com.apdr.testcases.AddPhotoContent" name="addPhotoContent" time="4.143"/>
  <system-out/>
  <testcase classname="com.apdr.testcases.AddPhotoContent" name="click_On_SaveButton" time="1.831"/>
  <system-out/>
</testsuite> <!-- com.apdr.testcases.AddPhotoContent -->
