<?xml version="1.0" encoding="UTF-8"?>
<!-- Generated by org.testng.reporters.JUnitReportReporter -->
<testsuite hostname="ISBLT-9310" failures="0" tests="4" name="com.apdr.testcases.BannerContent" time="9.519" errors="0" timestamp="2023-06-09T18:03:08 PKT" skipped="0">
  <testcase classname="com.apdr.testcases.BannerContent" name="hover_Over_Content_Button" time="1.546"/>
  <system-out/>
  <testcase classname="com.apdr.testcases.BannerContent" name="Banner_Link" time="1.385"/>
  <system-out/>
  <testcase classname="com.apdr.testcases.BannerContent" name="Banner_Title_Text" time="0.088"/>
  <system-out/>
  <testcase classname="com.apdr.testcases.BannerContent" name="click_On_Save_Button" time="6.500"/>
  <system-out/>
</testsuite> <!-- com.apdr.testcases.BannerContent -->
