<?xml version="1.0" encoding="UTF-8"?>
<!-- Generated by org.testng.reporters.JUnitReportReporter -->
<testsuite hostname="ISBLT-9310" failures="0" tests="4" name="com.apdr.testcases.BannerContent" time="10.334" errors="0" timestamp="2023-06-20T23:44:18 PKT" skipped="0">
  <testcase classname="com.apdr.testcases.BannerContent" name="hover_Over_Content_Button" time="1.680"/>
  <system-out/>
  <testcase classname="com.apdr.testcases.BannerContent" name="Banner_Link" time="1.811"/>
  <system-out/>
  <testcase classname="com.apdr.testcases.BannerContent" name="Banner_Title_Text" time="0.087"/>
  <system-out/>
  <testcase classname="com.apdr.testcases.BannerContent" name="click_On_Save_Button" time="6.756"/>
  <system-out/>
</testsuite> <!-- com.apdr.testcases.BannerContent -->
