<?xml version="1.0" encoding="UTF-8"?>
<!-- Generated by org.testng.reporters.JUnitReportReporter -->
<testsuite hostname="ISBLT-9310" failures="0" tests="7" name="com.apdr.testcases.DeletePhotoContent" time="10.986" errors="0" timestamp="2023-06-07T17:39:02 PKT" skipped="0">
  <testcase classname="com.apdr.testcases.DeletePhotoContent" name="hover_Over_Content_Button" time="1.105"/>
  <system-out/>
  <testcase classname="com.apdr.testcases.DeletePhotoContent" name="Enter_Title_For_Delete_NewStory_Content" time="0.115"/>
  <system-out/>
  <testcase classname="com.apdr.testcases.DeletePhotoContent" name="Select_Value_From_Content_Type" time="0.175"/>
  <system-out/>
  <testcase classname="com.apdr.testcases.DeletePhotoContent" name="Filter_Selection" time="3.974"/>
  <system-out/>
  <testcase classname="com.apdr.testcases.DeletePhotoContent" name="View_Selection" time="0.758"/>
  <system-out/>
  <testcase classname="com.apdr.testcases.DeletePhotoContent" name="Delete_Selection" time="0.893"/>
  <system-out/>
  <testcase classname="com.apdr.testcases.DeletePhotoContent" name="Banner_Deleted_Successfully" time="3.966"/>
  <system-out/>
</testsuite> <!-- com.apdr.testcases.DeletePhotoContent -->
