<?xml version="1.0" encoding="UTF-8"?>
<!-- Generated by org.testng.reporters.JUnitReportReporter -->
<testsuite hostname="ISBLT-9310" failures="0" tests="7" name="com.apdr.testcases.DeleteNewsAlertContent" time="16.083" errors="0" timestamp="2023-06-07T01:53:32 PKT" skipped="0">
  <testcase classname="com.apdr.testcases.DeleteNewsAlertContent" name="hover_Over_Content_Button" time="1.537"/>
  <system-out/>
  <testcase classname="com.apdr.testcases.DeleteNewsAlertContent" name="Enter_Title_For_Delete_NewsAlert_Content" time="0.121"/>
  <system-out/>
  <testcase classname="com.apdr.testcases.DeleteNewsAlertContent" name="Select_Value_From_Content_Type" time="0.243"/>
  <system-out/>
  <testcase classname="com.apdr.testcases.DeleteNewsAlertContent" name="Filter_Selection" time="5.234"/>
  <system-out/>
  <testcase classname="com.apdr.testcases.DeleteNewsAlertContent" name="View_Selection" time="2.986"/>
  <system-out/>
  <testcase classname="com.apdr.testcases.DeleteNewsAlertContent" name="Delete_Selection" time="3.535"/>
  <system-out/>
  <testcase classname="com.apdr.testcases.DeleteNewsAlertContent" name="Banner_Deleted_Successfully" time="2.427"/>
  <system-out/>
</testsuite> <!-- com.apdr.testcases.DeleteNewsAlertContent -->
