<?xml version="1.0" encoding="UTF-8"?>
<!-- Generated by org.testng.reporters.JUnitReportReporter -->
<testsuite hostname="ISBLT-9310" failures="0" tests="11" name="com.apdr.testcases.AddNewsStoryContent" time="9.304" errors="0" timestamp="2023-06-28T16:52:54 PKT" skipped="0">
  <testcase classname="com.apdr.testcases.AddNewsStoryContent" name="hover_Over_Content_Button" time="1.324"/>
  <system-out/>
  <testcase classname="com.apdr.testcases.AddNewsStoryContent" name="clickOnNewsStoryLink" time="3.202"/>
  <system-out/>
  <testcase classname="com.apdr.testcases.AddNewsStoryContent" name="addSlugForNewStory" time="0.090"/>
  <system-out/>
  <testcase classname="com.apdr.testcases.AddNewsStoryContent" name="addheadLineForNewStory" time="0.119"/>
  <system-out/>
  <testcase classname="com.apdr.testcases.AddNewsStoryContent" name="addsummaryForNewStory" time="0.059"/>
  <system-out/>
  <testcase classname="com.apdr.testcases.AddNewsStoryContent" name="addbodyForNewStory" time="0.070"/>
  <system-out/>
  <testcase classname="com.apdr.testcases.AddNewsStoryContent" name="adddateLineForNewStory" time="0.099"/>
  <system-out/>
  <testcase classname="com.apdr.testcases.AddNewsStoryContent" name="addByLineAndByTitleForNewStory" time="0.134"/>
  <system-out/>
  <testcase classname="com.apdr.testcases.AddNewsStoryContent" name="selectNewsStoryCategory" time="0.116"/>
  <system-out/>
  <testcase classname="com.apdr.testcases.AddNewsStoryContent" name="addEdsNoteForNewStory" time="0.053"/>
  <system-out/>
  <testcase classname="com.apdr.testcases.AddNewsStoryContent" name="clickOnSaveButton" time="4.038"/>
  <system-out/>
</testsuite> <!-- com.apdr.testcases.AddNewsStoryContent -->
