<?xml version="1.0" encoding="UTF-8"?>
<!-- Generated by org.testng.reporters.JUnitReportReporter -->
<testsuite hostname="ISBLT-9310" failures="0" tests="8" name="com.apdr.testcases.NewsAlertContent" time="0.000" errors="0" timestamp="2023-05-25T16:23:25 PKT" skipped="8">
  <testcase classname="com.apdr.testcases.NewsAlertContent" name="hover_Over_Content_Button" time="0.000">
    <skipped/>
  </testcase> <!-- hover_Over_Content_Button -->
  <system-out/>
  <testcase classname="com.apdr.testcases.NewsAlertContent" name="addVideoContent" time="0.000">
    <skipped/>
  </testcase> <!-- addVideoContent -->
  <system-out/>
  <testcase classname="com.apdr.testcases.NewsAlertContent" name="add_News_Alert_Slug" time="0.000">
    <skipped/>
  </testcase> <!-- add_News_Alert_Slug -->
  <system-out/>
  <testcase classname="com.apdr.testcases.NewsAlertContent" name="add__Alert_News" time="0.000">
    <skipped/>
  </testcase> <!-- add__Alert_News -->
  <system-out/>
  <testcase classname="com.apdr.testcases.NewsAlertContent" name="add_DateLine_For_News_Alert" time="0.000">
    <skipped/>
  </testcase> <!-- add_DateLine_For_News_Alert -->
  <system-out/>
  <testcase classname="com.apdr.testcases.NewsAlertContent" name="select_News_Alert_Category" time="0.000">
    <skipped/>
  </testcase> <!-- select_News_Alert_Category -->
  <system-out/>
  <testcase classname="com.apdr.testcases.NewsAlertContent" name="add_EdsNote_For_News_Alert" time="0.000">
    <skipped/>
  </testcase> <!-- add_EdsNote_For_News_Alert -->
  <system-out/>
  <testcase classname="com.apdr.testcases.NewsAlertContent" name="click_Save_Button" time="0.000">
    <skipped/>
  </testcase> <!-- click_Save_Button -->
  <system-out/>
</testsuite> <!-- com.apdr.testcases.NewsAlertContent -->
