<?xml version="1.0" encoding="UTF-8"?>
<!-- Generated by org.testng.reporters.JUnitReportReporter -->
<testsuite hostname="ISBLT-9310" failures="0" tests="4" name="com.apdr.testcases.BannerContent" time="10.245" errors="0" timestamp="2023-06-02T19:53:17 PKT" skipped="0">
  <testcase classname="com.apdr.testcases.BannerContent" name="hover_Over_Content_Button" time="1.759"/>
  <system-out/>
  <testcase classname="com.apdr.testcases.BannerContent" name="Banner_Link" time="1.277"/>
  <system-out/>
  <testcase classname="com.apdr.testcases.BannerContent" name="Banner_Title_Text" time="0.080"/>
  <system-out/>
  <testcase classname="com.apdr.testcases.BannerContent" name="click_On_Save_Button" time="7.129"/>
  <system-out/>
</testsuite> <!-- com.apdr.testcases.BannerContent -->
