<?xml version="1.0" encoding="UTF-8"?>
<!-- Generated by org.testng.reporters.JUnitReportReporter -->
<testsuite hostname="ISBLT-9310" failures="0" tests="4" name="com.apdr.testcases.BannerContent" time="6.854" errors="0" timestamp="2023-05-26T19:42:25 PKT" skipped="0">
  <testcase classname="com.apdr.testcases.BannerContent" name="hover_Over_Content_Button" time="1.162"/>
  <system-out/>
  <testcase classname="com.apdr.testcases.BannerContent" name="Banner_Link" time="3.879"/>
  <system-out/>
  <testcase classname="com.apdr.testcases.BannerContent" name="Banner_Title_Text" time="0.101"/>
  <system-out/>
  <testcase classname="com.apdr.testcases.BannerContent" name="clickOnSaveButton" time="1.712"/>
  <system-out/>
</testsuite> <!-- com.apdr.testcases.BannerContent -->
