<?xml version="1.0" encoding="UTF-8"?>
<!-- Generated by org.testng.reporters.JUnitReportReporter -->
<testsuite hostname="ISBLT-9310" failures="0" tests="12" name="com.apdr.testcases.AddAudioContent" time="36.546" errors="0" timestamp="2023-07-13T16:10:28 PKT" skipped="0">
  <testcase classname="com.apdr.testcases.AddAudioContent" name="hover_Over_Content_Button" time="1.092"/>
  <system-out/>
  <testcase classname="com.apdr.testcases.AddAudioContent" name="hover_Over_Content_Button" time="1.111"/>
  <system-out/>
  <testcase classname="com.apdr.testcases.AddAudioContent" name="addVideoContent" time="2.144"/>
  <system-out/>
  <testcase classname="com.apdr.testcases.AddAudioContent" name="addVideoContent" time="2.517"/>
  <system-out/>
  <testcase classname="com.apdr.testcases.AddAudioContent" name="add_Slug_Speaker_Intro_For_Audio" time="0.251"/>
  <system-out/>
  <testcase classname="com.apdr.testcases.AddAudioContent" name="add_Slug_Speaker_Intro_For_Audio" time="0.252"/>
  <system-out/>
  <testcase classname="com.apdr.testcases.AddAudioContent" name="Upload_Audio_File" time="5.044"/>
  <system-out/>
  <testcase classname="com.apdr.testcases.AddAudioContent" name="Upload_Audio_File" time="5.044"/>
  <system-out/>
  <testcase classname="com.apdr.testcases.AddAudioContent" name="click_On_SaveButton" time="9.535"/>
  <system-out/>
  <testcase classname="com.apdr.testcases.AddAudioContent" name="click_On_SaveButton" time="9.495"/>
  <system-out/>
  <testcase classname="com.apdr.testcases.AddAudioContent" name="Audio_File_Verification" time="0.023"/>
  <system-out/>
  <testcase classname="com.apdr.testcases.AddAudioContent" name="Audio_File_Verification" time="0.038"/>
  <system-out/>
</testsuite> <!-- com.apdr.testcases.AddAudioContent -->
