<?xml version="1.0" encoding="UTF-8"?>
<!-- Generated by org.testng.reporters.JUnitReportReporter -->
<testsuite hostname="ISBLT-9310" failures="0" tests="3" name="com.apdr.testcases.AddPhotoContent" time="33.417" errors="0" timestamp="2023-05-22T19:24:01 PKT" skipped="0">
  <testcase classname="com.apdr.testcases.AddPhotoContent" name="hover_Over_Content_Button" time="20.248"/>
  <system-out/>
  <testcase classname="com.apdr.testcases.AddPhotoContent" name="addPhotoContent" time="10.959"/>
  <system-out/>
  <testcase classname="com.apdr.testcases.AddPhotoContent" name="click_On_SaveButton" time="2.210"/>
  <system-out/>
</testsuite> <!-- com.apdr.testcases.AddPhotoContent -->
