<?xml version="1.0" encoding="UTF-8"?>
<!-- Generated by org.testng.reporters.JUnitReportReporter -->
<testsuite hostname="ISBLT-9310" failures="0" tests="3" name="com.apdr.testcases.Adduploadcsvcontent" time="8.332" errors="0" timestamp="2023-05-22T19:24:01 PKT" skipped="0">
  <testcase classname="com.apdr.testcases.Adduploadcsvcontent" name="hover_Over_Content_Button" time="1.459"/>
  <system-out/>
  <testcase classname="com.apdr.testcases.Adduploadcsvcontent" name="addFiletest" time="3.737"/>
  <system-out/>
  <testcase classname="com.apdr.testcases.Adduploadcsvcontent" name="clickOnSaveButton" time="3.136"/>
  <system-out/>
</testsuite> <!-- com.apdr.testcases.Adduploadcsvcontent -->
