<?xml version="1.0" encoding="UTF-8"?>
<!-- Generated by org.testng.reporters.JUnitReportReporter -->
<testsuite hostname="ISBLT-9310" failures="0" tests="9" name="com.apdr.testcases.InitialPasswordUser" time="8.170" errors="0" timestamp="2023-06-21T22:53:45 PKT" skipped="8">
  <testcase classname="com.apdr.testcases.InitialPasswordUser" name="OpenNewMailbox" time="8.170"/>
  <system-out/>
  <testcase classname="com.apdr.testcases.InitialPasswordUser" name="ResetSUbmit">
    <skipped/>
  </testcase> <!-- ResetSUbmit -->
  <system-out/>
  <testcase classname="com.apdr.testcases.InitialPasswordUser" name="NewPass">
    <skipped/>
  </testcase> <!-- NewPass -->
  <system-out/>
  <testcase classname="com.apdr.testcases.InitialPasswordUser" name="Submit_Button">
    <skipped/>
  </testcase> <!-- Submit_Button -->
  <system-out/>
  <testcase classname="com.apdr.testcases.InitialPasswordUser" name="Click_mailnator_Email">
    <skipped/>
  </testcase> <!-- Click_mailnator_Email -->
  <system-out/>
  <testcase classname="com.apdr.testcases.InitialPasswordUser" name="Enter_Email_Address">
    <skipped/>
  </testcase> <!-- Enter_Email_Address -->
  <system-out/>
  <testcase classname="com.apdr.testcases.InitialPasswordUser" name="Click_Forget_Button">
    <skipped/>
  </testcase> <!-- Click_Forget_Button -->
  <system-out/>
  <testcase classname="com.apdr.testcases.InitialPasswordUser" name="Confirm_Pass">
    <skipped/>
  </testcase> <!-- Confirm_Pass -->
  <system-out/>
  <testcase classname="com.apdr.testcases.InitialPasswordUser" name="OpenMailbox">
    <skipped/>
  </testcase> <!-- OpenMailbox -->
  <system-out/>
</testsuite> <!-- com.apdr.testcases.InitialPasswordUser -->
