<?xml version="1.0" encoding="UTF-8"?>
<!-- Generated by org.testng.reporters.JUnitReportReporter -->
<testsuite hostname="ISBLT-9310" failures="0" tests="6" name="com.apdr.testcases.AddVideoContent" time="33.475" errors="0" timestamp="2023-05-22T19:24:01 PKT" skipped="0">
  <testcase classname="com.apdr.testcases.AddVideoContent" name="hover_Over_Content_Button" time="20.189"/>
  <system-out/>
  <testcase classname="com.apdr.testcases.AddVideoContent" name="addVideoContent" time="3.037"/>
  <system-out/>
  <testcase classname="com.apdr.testcases.AddVideoContent" name="add_Slug_Headline_Source_For_Video" time="0.368"/>
  <system-out/>
  <testcase classname="com.apdr.testcases.AddVideoContent" name="addVideoFile" time="7.157"/>
  <system-out/>
  <testcase classname="com.apdr.testcases.AddVideoContent" name="add_Body_For_Video" time="0.132"/>
  <system-out/>
  <testcase classname="com.apdr.testcases.AddVideoContent" name="clickOnSaveButton" time="2.592"/>
  <system-out/>
</testsuite> <!-- com.apdr.testcases.AddVideoContent -->
