<?xml version="1.0" encoding="UTF-8"?>
<!-- Generated by org.testng.reporters.JUnitReportReporter -->
<testsuite hostname="ISBLT-9310" failures="0" tests="6" name="com.apdr.testcases.AddVideoContent" time="21.093" errors="0" timestamp="2023-05-29T15:53:29 PKT" skipped="0">
  <testcase classname="com.apdr.testcases.AddVideoContent" name="hover_Over_Content_Button" time="1.558"/>
  <system-out/>
  <testcase classname="com.apdr.testcases.AddVideoContent" name="addVideoContent" time="5.252"/>
  <system-out/>
  <testcase classname="com.apdr.testcases.AddVideoContent" name="add_Slug_Headline_Source_For_Video" time="0.249"/>
  <system-out/>
  <testcase classname="com.apdr.testcases.AddVideoContent" name="addVideoFile" time="7.260"/>
  <system-out/>
  <testcase classname="com.apdr.testcases.AddVideoContent" name="add_Body_For_Video" time="3.120"/>
  <system-out/>
  <testcase classname="com.apdr.testcases.AddVideoContent" name="clickOnSaveButton" time="3.654"/>
  <system-out/>
</testsuite> <!-- com.apdr.testcases.AddVideoContent -->
