<?xml version="1.0" encoding="UTF-8"?>
<!-- Generated by org.testng.reporters.JUnitReportReporter -->
<testsuite hostname="ISBLT-9310" failures="0" tests="7" name="com.apdr.testcases.AddUser" time="6.202" errors="0" timestamp="2023-06-02T19:53:17 PKT" skipped="0">
  <testcase classname="com.apdr.testcases.AddUser" name="hover_Over_AddUser_Link" time="2.395"/>
  <system-out/>
  <testcase classname="com.apdr.testcases.AddUser" name="add_Role_For_Users" time="0.077"/>
  <system-out/>
  <testcase classname="com.apdr.testcases.AddUser" name="add_Pass_And_Confirm_Password" time="0.097"/>
  <system-out/>
  <testcase classname="com.apdr.testcases.AddUser" name="add_Org_Name_And_Org_Id" time="0.104"/>
  <system-out/>
  <testcase classname="com.apdr.testcases.AddUser" name="add_User_MDMID" time="0.042"/>
  <system-out/>
  <testcase classname="com.apdr.testcases.AddUser" name="add_User_Informtion" time="0.161"/>
  <system-out/>
  <testcase classname="com.apdr.testcases.AddUser" name="click_On_Create_New_Account_Button" time="3.326"/>
  <system-out/>
</testsuite> <!-- com.apdr.testcases.AddUser -->
