<?xml version="1.0" encoding="UTF-8"?>
<!-- Generated by org.testng.reporters.JUnitReportReporter -->
<testsuite hostname="ISBLT-9310" failures="0" tests="11" name="com.apdr.testcases.AddNewsStoryContent" time="7.031" errors="0" timestamp="2023-05-26T17:09:36 PKT" skipped="0">
  <testcase classname="com.apdr.testcases.AddNewsStoryContent" name="hover_Over_Content_Button" time="1.343"/>
  <system-out/>
  <testcase classname="com.apdr.testcases.AddNewsStoryContent" name="clickOnNewsStoryLink" time="2.194"/>
  <system-out/>
  <testcase classname="com.apdr.testcases.AddNewsStoryContent" name="addSlugForNewStory" time="0.160"/>
  <system-out/>
  <testcase classname="com.apdr.testcases.AddNewsStoryContent" name="addheadLineForNewStory" time="0.186"/>
  <system-out/>
  <testcase classname="com.apdr.testcases.AddNewsStoryContent" name="addsummaryForNewStory" time="0.128"/>
  <system-out/>
  <testcase classname="com.apdr.testcases.AddNewsStoryContent" name="addbodyForNewStory" time="0.136"/>
  <system-out/>
  <testcase classname="com.apdr.testcases.AddNewsStoryContent" name="adddateLineForNewStory" time="0.155"/>
  <system-out/>
  <testcase classname="com.apdr.testcases.AddNewsStoryContent" name="addByLineAndByTitleForNewStory" time="0.225"/>
  <system-out/>
  <testcase classname="com.apdr.testcases.AddNewsStoryContent" name="selectNewsStoryCategory" time="0.124"/>
  <system-out/>
  <testcase classname="com.apdr.testcases.AddNewsStoryContent" name="addEdsNoteForNewStory" time="0.070"/>
  <system-out/>
  <testcase classname="com.apdr.testcases.AddNewsStoryContent" name="clickOnSaveButton" time="2.310"/>
  <system-out/>
</testsuite> <!-- com.apdr.testcases.AddNewsStoryContent -->
