<?xml version="1.0" encoding="UTF-8"?>
<!-- Generated by org.testng.reporters.JUnitReportReporter -->
<testsuite hostname="ISBLT-9310" failures="0" tests="1" name="com.apdr.testcases.SuperAdmin" time="9.290" errors="0" timestamp="2023-07-10T21:48:03 PKT" skipped="0">
  <testcase classname="com.apdr.testcases.SuperAdmin" name="loginToApDr" time="9.290"/>
  <system-out/>
</testsuite> <!-- com.apdr.testcases.SuperAdmin -->
