<?xml version="1.0" encoding="UTF-8"?>
<!-- Generated by org.testng.reporters.JUnitReportReporter -->
<testsuite hostname="ISBLT-9310" failures="0" tests="1" name="com.apdr.testcases.LogInTestCases" time="14.122" errors="0" timestamp="2023-06-01T18:08:17 PKT" skipped="0">
  <testcase classname="com.apdr.testcases.LogInTestCases" name="loginToApDr" time="14.122"/>
  <system-out/>
</testsuite> <!-- com.apdr.testcases.LogInTestCases -->
