<?xml version="1.0" encoding="UTF-8"?>
<!-- Generated by org.testng.reporters.JUnitReportReporter -->
<testsuite hostname="ISBLT-9310" failures="0" tests="1" name="com.apdr.testcases.SuperAdmin" time="10.484" errors="0" timestamp="2023-06-22T15:54:51 PKT" skipped="0">
  <testcase classname="com.apdr.testcases.SuperAdmin" name="loginToApDr" time="10.484"/>
  <system-out/>
</testsuite> <!-- com.apdr.testcases.SuperAdmin -->
