<?xml version="1.0" encoding="UTF-8"?>
<!-- Generated by org.testng.reporters.JUnitReportReporter -->
<testsuite hostname="ISBLT-9310" failures="0" tests="4" name="com.apdr.testcases.AddCustomer" time="13.172" errors="0" timestamp="2023-07-13T16:10:28 PKT" skipped="0">
  <testcase classname="com.apdr.testcases.AddCustomer" name="hover_Over_AddUser_Link" time="1.057"/>
  <system-out/>
  <testcase classname="com.apdr.testcases.AddCustomer" name="add_Role_For_Users" time="0.192"/>
  <system-out/>
  <testcase classname="com.apdr.testcases.AddCustomer" name="select_Users_role" time="7.179"/>
  <system-out/>
  <testcase classname="com.apdr.testcases.AddCustomer" name="add_Org_Name_And_Org_Id" time="4.744"/>
  <system-out/>
</testsuite> <!-- com.apdr.testcases.AddCustomer -->
