<?xml version="1.0" encoding="UTF-8"?>
<!-- Generated by org.testng.reporters.JUnitReportReporter -->
<testsuite hostname="ISBLT-9310" failures="0" tests="7" name="com.apdr.testcases.AddUser" time="5.673" errors="0" timestamp="2023-05-22T19:24:01 PKT" skipped="0">
  <testcase classname="com.apdr.testcases.AddUser" name="hover_Over_AddUser_Link" time="1.605"/>
  <system-out/>
  <testcase classname="com.apdr.testcases.AddUser" name="add_Role_For_Users" time="0.130"/>
  <system-out/>
  <testcase classname="com.apdr.testcases.AddUser" name="add_Pass_And_Confirm_Password" time="0.212"/>
  <system-out/>
  <testcase classname="com.apdr.testcases.AddUser" name="add_Org_Name_And_Org_Id" time="0.184"/>
  <system-out/>
  <testcase classname="com.apdr.testcases.AddUser" name="add_User_MDMID" time="0.110"/>
  <system-out/>
  <testcase classname="com.apdr.testcases.AddUser" name="add_User_Informtion" time="0.346"/>
  <system-out/>
  <testcase classname="com.apdr.testcases.AddUser" name="click_On_Create_New_Account_Button" time="3.086"/>
  <system-out/>
</testsuite> <!-- com.apdr.testcases.AddUser -->
