<?xml version="1.0" encoding="UTF-8"?>
<!-- Generated by org.testng.reporters.JUnitReportReporter -->
<testsuite hostname="ISBLT-9310" failures="0" tests="3" name="com.apdr.testcases.Adduploadcsvcontent" time="9.884" errors="0" timestamp="2023-06-02T19:53:17 PKT" skipped="0">
  <testcase classname="com.apdr.testcases.Adduploadcsvcontent" name="hover_Over_Content_Button" time="1.492"/>
  <system-out/>
  <testcase classname="com.apdr.testcases.Adduploadcsvcontent" name="addFiletest" time="0.177"/>
  <system-out/>
  <testcase classname="com.apdr.testcases.Adduploadcsvcontent" name="click_On_SaveButton" time="8.215"/>
  <system-out/>
</testsuite> <!-- com.apdr.testcases.Adduploadcsvcontent -->
