<?xml version="1.0" encoding="UTF-8"?>
<!-- Generated by org.testng.reporters.JUnitReportReporter -->
<testsuite hostname="ISBLT-9310" failures="0" tests="4" name="com.apdr.testcases.BannerContent" time="10.386" errors="0" timestamp="2023-07-11T18:02:52 PKT" skipped="1">
  <testcase classname="com.apdr.testcases.BannerContent" name="hover_Over_Content_Button" time="3.491"/>
  <system-out/>
  <testcase classname="com.apdr.testcases.BannerContent" name="Banner_Title_Text" time="0.070"/>
  <system-out/>
  <testcase classname="com.apdr.testcases.BannerContent" name="click_On_Save_Button" time="6.825"/>
  <system-out/>
  <testcase classname="com.apdr.testcases.BannerContent" name="Banner_Link">
    <skipped/>
  </testcase> <!-- Banner_Link -->
  <system-out/>
</testsuite> <!-- com.apdr.testcases.BannerContent -->
