<?xml version="1.0" encoding="UTF-8"?>
<!-- Generated by org.testng.reporters.JUnitReportReporter -->
<testsuite hostname="ISBLT-9310" failures="0" tests="6" name="com.apdr.testcases.AddPhotoContent" time="32.404" errors="0" timestamp="2023-07-11T18:02:52 PKT" skipped="0">
  <testcase classname="com.apdr.testcases.AddPhotoContent" name="hover_Over_Content_Button" time="0.894"/>
  <system-out/>
  <testcase classname="com.apdr.testcases.AddPhotoContent" name="hover_Over_Content_Button" time="0.786"/>
  <system-out/>
  <testcase classname="com.apdr.testcases.AddPhotoContent" name="addPhotoContent" time="8.864"/>
  <system-out/>
  <testcase classname="com.apdr.testcases.AddPhotoContent" name="addPhotoContent" time="6.531"/>
  <system-out/>
  <testcase classname="com.apdr.testcases.AddPhotoContent" name="click_On_SaveButton" time="6.668"/>
  <system-out/>
  <testcase classname="com.apdr.testcases.AddPhotoContent" name="click_On_SaveButton" time="8.661"/>
  <system-out/>
</testsuite> <!-- com.apdr.testcases.AddPhotoContent -->
