<?xml version="1.0" encoding="UTF-8"?>
<!-- Generated by org.testng.reporters.JUnitReportReporter -->
<testsuite hostname="ISBLT-9310" failures="0" tests="4" name="com.apdr.testcases.AddAuthor" time="15.384" errors="0" timestamp="2023-07-13T16:10:28 PKT" skipped="0">
  <testcase classname="com.apdr.testcases.AddAuthor" name="hover_Over_AddUser_Link" time="2.778"/>
  <system-out/>
  <testcase classname="com.apdr.testcases.AddAuthor" name="add_Role_For_Users" time="0.207"/>
  <system-out/>
  <testcase classname="com.apdr.testcases.AddAuthor" name="select_Users_role" time="7.192"/>
  <system-out/>
  <testcase classname="com.apdr.testcases.AddAuthor" name="add_Org_Name_And_Org_Id" time="5.207"/>
  <system-out/>
</testsuite> <!-- com.apdr.testcases.AddAuthor -->
