<?xml version="1.0" encoding="UTF-8"?>
<!-- Generated by org.testng.reporters.JUnitReportReporter -->
<testsuite hostname="ISBLT-9310" failures="0" tests="8" name="com.apdr.testcases.NewsAlertContent" time="6.821" errors="0" timestamp="2023-06-02T19:53:17 PKT" skipped="0">
  <testcase classname="com.apdr.testcases.NewsAlertContent" name="hover_Over_Content_Button" time="2.092"/>
  <system-out/>
  <testcase classname="com.apdr.testcases.NewsAlertContent" name="addVideoContent" time="1.462"/>
  <system-out/>
  <testcase classname="com.apdr.testcases.NewsAlertContent" name="add_News_Alert_Slug" time="0.053"/>
  <system-out/>
  <testcase classname="com.apdr.testcases.NewsAlertContent" name="add__Alert_News" time="0.060"/>
  <system-out/>
  <testcase classname="com.apdr.testcases.NewsAlertContent" name="add_DateLine_For_News_Alert" time="0.052"/>
  <system-out/>
  <testcase classname="com.apdr.testcases.NewsAlertContent" name="select_News_Alert_Category" time="0.083"/>
  <system-out/>
  <testcase classname="com.apdr.testcases.NewsAlertContent" name="add_EdsNote_For_News_Alert" time="0.043"/>
  <system-out/>
  <testcase classname="com.apdr.testcases.NewsAlertContent" name="click_Save_Button" time="2.976"/>
  <system-out/>
</testsuite> <!-- com.apdr.testcases.NewsAlertContent -->
