<?xml version="1.0" encoding="UTF-8"?>
<!-- Generated by org.testng.reporters.JUnitReportReporter -->
<testsuite hostname="ISBLT-9310" failures="0" tests="1" name="com.apdr.testcases.LogInTestCases" time="11.648" errors="0" timestamp="2023-05-31T18:10:34 PKT" skipped="0">
  <testcase classname="com.apdr.testcases.LogInTestCases" name="loginToApDr" time="11.648"/>
  <system-out/>
</testsuite> <!-- com.apdr.testcases.LogInTestCases -->
