<?xml version="1.0" encoding="UTF-8"?>
<!-- Generated by org.testng.reporters.JUnitReportReporter -->
<testsuite hostname="ISBLT-9310" failures="0" tests="8" name="com.apdr.testcases.AddUser" time="7.213" errors="0" timestamp="2023-07-05T20:02:26 PKT" skipped="0">
  <testcase classname="com.apdr.testcases.AddUser" name="hover_Over_AddUser_Link" time="1.616"/>
  <system-out/>
  <testcase classname="com.apdr.testcases.AddUser" name="add_Role_For_Users" time="0.092"/>
  <system-out/>
  <testcase classname="com.apdr.testcases.AddUser" name="add_Pass_And_Confirm_Password" time="0.141"/>
  <system-out/>
  <testcase classname="com.apdr.testcases.AddUser" name="select_Users_role" time="0.210"/>
  <system-out/>
  <testcase classname="com.apdr.testcases.AddUser" name="add_Org_Name_And_Org_Id" time="0.139"/>
  <system-out/>
  <testcase classname="com.apdr.testcases.AddUser" name="add_User_MDMID" time="0.049"/>
  <system-out/>
  <testcase classname="com.apdr.testcases.AddUser" name="add_User_Informtion" time="0.193"/>
  <system-out/>
  <testcase classname="com.apdr.testcases.AddUser" name="click_On_Create_New_Account_Button" time="4.773"/>
  <system-out/>
</testsuite> <!-- com.apdr.testcases.AddUser -->
