<?xml version="1.0" encoding="UTF-8"?>
<!-- Generated by org.testng.reporters.JUnitReportReporter -->
<testsuite hostname="ISBLT-9310" failures="0" tests="4" name="com.apdr.testcases.AddAuthor" time="10.609" errors="0" timestamp="2023-07-13T13:58:46 PKT" skipped="0">
  <testcase classname="com.apdr.testcases.AddAuthor" name="hover_Over_AddUser_Link" time="2.035"/>
  <system-out/>
  <testcase classname="com.apdr.testcases.AddAuthor" name="add_Role_For_Users" time="0.216"/>
  <system-out/>
  <testcase classname="com.apdr.testcases.AddAuthor" name="select_Users_role" time="2.218"/>
  <system-out/>
  <testcase classname="com.apdr.testcases.AddAuthor" name="add_Org_Name_And_Org_Id" time="6.140"/>
  <system-out/>
</testsuite> <!-- com.apdr.testcases.AddAuthor -->
