<?xml version="1.0" encoding="UTF-8"?>
<!-- Generated by org.testng.reporters.JUnitReportReporter -->
<testsuite hostname="ISBLT-9310" failures="0" tests="5" name="com.apdr.testcases.AddAudioContent" time="18.922" errors="0" timestamp="2023-06-20T23:44:18 PKT" skipped="0">
  <testcase classname="com.apdr.testcases.AddAudioContent" name="hover_Over_Content_Button" time="2.133"/>
  <system-out/>
  <testcase classname="com.apdr.testcases.AddAudioContent" name="addVideoContent" time="2.064"/>
  <system-out/>
  <testcase classname="com.apdr.testcases.AddAudioContent" name="add_Slug_Speaker_Intro_For_Audio" time="0.235"/>
  <system-out/>
  <testcase classname="com.apdr.testcases.AddAudioContent" name="addVideoFile" time="2.176"/>
  <system-out/>
  <testcase classname="com.apdr.testcases.AddAudioContent" name="clickOnSaveButton" time="12.314"/>
  <system-out/>
</testsuite> <!-- com.apdr.testcases.AddAudioContent -->
