<?xml version="1.0" encoding="UTF-8"?>
<!-- Generated by org.testng.reporters.JUnitReportReporter -->
<testsuite hostname="ISBLT-9310" failures="0" tests="13" name="com.apdr.testcases.UpdatedNewsAlert" time="40.569" errors="0" timestamp="2023-07-18T18:41:10 PKT" skipped="2">
  <testcase classname="com.apdr.testcases.UpdatedNewsAlert" name="Edit_Btn_Clicked" time="5.148"/>
  <system-out/>
  <testcase classname="com.apdr.testcases.UpdatedNewsAlert" name="add_News_Alert_Slug" time="0.143"/>
  <system-out/>
  <testcase classname="com.apdr.testcases.UpdatedNewsAlert" name="add__Alert_News" time="0.131"/>
  <system-out/>
  <testcase classname="com.apdr.testcases.UpdatedNewsAlert" name="add_DateLine_For_News_Alert" time="0.129"/>
  <system-out/>
  <testcase classname="com.apdr.testcases.UpdatedNewsAlert" name="select_News_Alert_Category" time="0.128"/>
  <system-out/>
  <testcase classname="com.apdr.testcases.UpdatedNewsAlert" name="add_EdsNote_For_News_Alert" time="0.086"/>
  <system-out/>
  <testcase classname="com.apdr.testcases.UpdatedNewsAlert" name="Select_State_to_Unpublish" time="4.273"/>
  <system-out/>
  <testcase classname="com.apdr.testcases.UpdatedNewsAlert" name="click_Save_Button" time="8.093"/>
  <system-out/>
  <testcase classname="com.apdr.testcases.UpdatedNewsAlert" name="Again_Edit_Btn_Clicked" time="4.041"/>
  <system-out/>
  <testcase classname="com.apdr.testcases.UpdatedNewsAlert" name="Select_State_to_publish" time="4.129"/>
  <system-out/>
  <testcase classname="com.apdr.testcases.UpdatedNewsAlert" name="Again_click_Save_Button" time="14.268"/>
  <system-out/>
  <testcase classname="com.apdr.testcases.UpdatedNewsAlert" name="Click_On_News_Alert">
    <skipped/>
  </testcase> <!-- Click_On_News_Alert -->
  <system-out/>
  <testcase classname="com.apdr.testcases.UpdatedNewsAlert" name="hover_Over_Content_Button">
    <skipped/>
  </testcase> <!-- hover_Over_Content_Button -->
  <system-out/>
</testsuite> <!-- com.apdr.testcases.UpdatedNewsAlert -->
