<?xml version="1.0" encoding="UTF-8"?>
<!-- Generated by org.testng.reporters.JUnitReportReporter -->
<testsuite hostname="ISBLT-9310" failures="0" tests="4" name="com.apdr.testcases.AddCustomerSupport" time="16.476" errors="0" timestamp="2023-07-13T16:10:28 PKT" skipped="0">
  <testcase classname="com.apdr.testcases.AddCustomerSupport" name="hover_Over_AddUser_Link" time="2.818"/>
  <system-out/>
  <testcase classname="com.apdr.testcases.AddCustomerSupport" name="add_Role_For_Users" time="0.234"/>
  <system-out/>
  <testcase classname="com.apdr.testcases.AddCustomerSupport" name="select_Users_role" time="7.212"/>
  <system-out/>
  <testcase classname="com.apdr.testcases.AddCustomerSupport" name="add_Org_Name_And_Org_Id" time="6.212"/>
  <system-out/>
</testsuite> <!-- com.apdr.testcases.AddCustomerSupport -->
