<?xml version="1.0" encoding="UTF-8"?>
<!-- Generated by org.testng.reporters.JUnitReportReporter -->
<testsuite hostname="ISBLT-9310" failures="0" tests="12" name="com.apdr.testcases.AddAudioContent" time="37.878" errors="0" timestamp="2023-07-13T13:58:46 PKT" skipped="0">
  <testcase classname="com.apdr.testcases.AddAudioContent" name="hover_Over_Content_Button" time="1.379"/>
  <system-out/>
  <testcase classname="com.apdr.testcases.AddAudioContent" name="hover_Over_Content_Button" time="1.079"/>
  <system-out/>
  <testcase classname="com.apdr.testcases.AddAudioContent" name="addVideoContent" time="3.194"/>
  <system-out/>
  <testcase classname="com.apdr.testcases.AddAudioContent" name="addVideoContent" time="2.853"/>
  <system-out/>
  <testcase classname="com.apdr.testcases.AddAudioContent" name="add_Slug_Speaker_Intro_For_Audio" time="0.238"/>
  <system-out/>
  <testcase classname="com.apdr.testcases.AddAudioContent" name="add_Slug_Speaker_Intro_For_Audio" time="0.254"/>
  <system-out/>
  <testcase classname="com.apdr.testcases.AddAudioContent" name="Upload_Audio_File" time="5.043"/>
  <system-out/>
  <testcase classname="com.apdr.testcases.AddAudioContent" name="Upload_Audio_File" time="5.048"/>
  <system-out/>
  <testcase classname="com.apdr.testcases.AddAudioContent" name="click_On_SaveButton" time="9.512"/>
  <system-out/>
  <testcase classname="com.apdr.testcases.AddAudioContent" name="click_On_SaveButton" time="9.216"/>
  <system-out/>
  <testcase classname="com.apdr.testcases.AddAudioContent" name="Audio_File_Verification" time="0.031"/>
  <system-out/>
  <testcase classname="com.apdr.testcases.AddAudioContent" name="Audio_File_Verification" time="0.031"/>
  <system-out/>
</testsuite> <!-- com.apdr.testcases.AddAudioContent -->
