<?xml version="1.0" encoding="UTF-8"?>
<!-- Generated by org.testng.reporters.JUnitReportReporter -->
<testsuite hostname="ISBLT-9310" failures="0" tests="5" name="com.apdr.testcases.AddAudioContent" time="11.097" errors="0" timestamp="2023-05-30T20:09:30 PKT" skipped="0">
  <testcase classname="com.apdr.testcases.AddAudioContent" name="hover_Over_Content_Button" time="1.405"/>
  <system-out/>
  <testcase classname="com.apdr.testcases.AddAudioContent" name="addVideoContent" time="2.446"/>
  <system-out/>
  <testcase classname="com.apdr.testcases.AddAudioContent" name="add_Slug_Speaker_Intro_For_Audio" time="0.305"/>
  <system-out/>
  <testcase classname="com.apdr.testcases.AddAudioContent" name="addVideoFile" time="3.832"/>
  <system-out/>
  <testcase classname="com.apdr.testcases.AddAudioContent" name="clickOnSaveButton" time="3.109"/>
  <system-out/>
</testsuite> <!-- com.apdr.testcases.AddAudioContent -->
