<?xml version="1.0" encoding="UTF-8"?>
<!-- Generated by org.testng.reporters.JUnitReportReporter -->
<testsuite hostname="ISBLT-9310" failures="0" tests="3" name="com.apdr.testcases.AddPhotoContent" time="7.908" errors="0" timestamp="2023-07-06T20:51:36 PKT" skipped="0">
  <testcase classname="com.apdr.testcases.AddPhotoContent" name="hover_Over_Content_Button" time="0.800"/>
  <system-out/>
  <testcase classname="com.apdr.testcases.AddPhotoContent" name="addPhotoContent" time="4.729"/>
  <system-out/>
  <testcase classname="com.apdr.testcases.AddPhotoContent" name="click_On_SaveButton" time="2.379"/>
  <system-out/>
</testsuite> <!-- com.apdr.testcases.AddPhotoContent -->
