<?xml version="1.0" encoding="UTF-8"?>
<!-- Generated by org.testng.reporters.JUnitReportReporter -->
<testsuite hostname="ISBLT-9310" failures="0" tests="11" name="com.apdr.testcases.AddNewsStoryContent" time="8.307" errors="0" timestamp="2023-06-01T17:11:35 PKT" skipped="0">
  <testcase classname="com.apdr.testcases.AddNewsStoryContent" name="hover_Over_Content_Button" time="1.387"/>
  <system-out/>
  <testcase classname="com.apdr.testcases.AddNewsStoryContent" name="clickOnNewsStoryLink" time="2.648"/>
  <system-out/>
  <testcase classname="com.apdr.testcases.AddNewsStoryContent" name="addSlugForNewStory" time="0.070"/>
  <system-out/>
  <testcase classname="com.apdr.testcases.AddNewsStoryContent" name="addheadLineForNewStory" time="0.093"/>
  <system-out/>
  <testcase classname="com.apdr.testcases.AddNewsStoryContent" name="addsummaryForNewStory" time="0.074"/>
  <system-out/>
  <testcase classname="com.apdr.testcases.AddNewsStoryContent" name="addbodyForNewStory" time="0.073"/>
  <system-out/>
  <testcase classname="com.apdr.testcases.AddNewsStoryContent" name="adddateLineForNewStory" time="0.099"/>
  <system-out/>
  <testcase classname="com.apdr.testcases.AddNewsStoryContent" name="addByLineAndByTitleForNewStory" time="0.144"/>
  <system-out/>
  <testcase classname="com.apdr.testcases.AddNewsStoryContent" name="selectNewsStoryCategory" time="0.113"/>
  <system-out/>
  <testcase classname="com.apdr.testcases.AddNewsStoryContent" name="addEdsNoteForNewStory" time="0.048"/>
  <system-out/>
  <testcase classname="com.apdr.testcases.AddNewsStoryContent" name="clickOnSaveButton" time="3.558"/>
  <system-out/>
</testsuite> <!-- com.apdr.testcases.AddNewsStoryContent -->
