<?xml version="1.0" encoding="UTF-8"?>
<!-- Generated by org.testng.reporters.JUnitReportReporter -->
<testsuite hostname="ISBLT-9310" failures="0" tests="3" name="com.apdr.testcases.Guidedownload" time="33.647" errors="0" timestamp="2023-07-11T18:02:52 PKT" skipped="0">
  <testcase classname="com.apdr.testcases.Guidedownload" name="Click_On_Reference_Button" time="11.024"/>
  <system-out/>
  <testcase classname="com.apdr.testcases.Guidedownload" name="Click_On_Reference_Button" time="11.296"/>
  <system-out/>
  <testcase classname="com.apdr.testcases.Guidedownload" name="Click_On_Reference_Button" time="11.327"/>
  <system-out/>
</testsuite> <!-- com.apdr.testcases.Guidedownload -->
