<?xml version="1.0" encoding="UTF-8"?>
<!-- Generated by org.testng.reporters.JUnitReportReporter -->
<testsuite hostname="ISBLT-9310" failures="0" tests="1" name="com.apdr.testcases.LogInTestCases" time="10.700" errors="0" timestamp="2023-05-30T18:32:13 PKT" skipped="0">
  <testcase classname="com.apdr.testcases.LogInTestCases" name="loginToApDr" time="10.700"/>
  <system-out/>
</testsuite> <!-- com.apdr.testcases.LogInTestCases -->
