<?xml version="1.0" encoding="UTF-8"?>
<!-- Generated by org.testng.reporters.JUnitReportReporter -->
<testsuite hostname="ISBLT-9310" failures="0" tests="8" name="com.apdr.testcases.NewsAlertContent" time="8.232" errors="0" timestamp="2023-06-08T13:35:10 PKT" skipped="0">
  <testcase classname="com.apdr.testcases.NewsAlertContent" name="hover_Over_Content_Button" time="1.733"/>
  <system-out/>
  <testcase classname="com.apdr.testcases.NewsAlertContent" name="addVideoContent" time="2.556"/>
  <system-out/>
  <testcase classname="com.apdr.testcases.NewsAlertContent" name="add_News_Alert_Slug" time="0.116"/>
  <system-out/>
  <testcase classname="com.apdr.testcases.NewsAlertContent" name="add__Alert_News" time="0.029"/>
  <system-out/>
  <testcase classname="com.apdr.testcases.NewsAlertContent" name="add_DateLine_For_News_Alert" time="0.018"/>
  <system-out/>
  <testcase classname="com.apdr.testcases.NewsAlertContent" name="select_News_Alert_Category" time="0.442"/>
  <system-out/>
  <testcase classname="com.apdr.testcases.NewsAlertContent" name="add_EdsNote_For_News_Alert" time="0.016"/>
  <system-out/>
  <testcase classname="com.apdr.testcases.NewsAlertContent" name="click_Save_Button" time="3.322"/>
  <system-out/>
</testsuite> <!-- com.apdr.testcases.NewsAlertContent -->
